<?xml version="1.0" encoding="UTF-8"?>
<testng-results ignored="0" total="14" passed="12" failed="2" skipped="0">
  <reporter-output>
  </reporter-output>
  <suite started-at="2024-04-12T12:36:43 IST" name="Default suite" finished-at="2024-04-12T12:41:07 IST" duration-ms="264796">
    <groups>
    </groups>
    <test started-at="2024-04-12T12:36:43 IST" name="Default test" finished-at="2024-04-12T12:41:07 IST" duration-ms="264796">
      <class name="thinkwiseAutomation.LoginPageTest">
        <test-method is-config="true" signature="launchBrowser()[pri:0, instance:thinkwiseAutomation.LoginPageTest@b9b00e0]" started-at="2024-04-12T12:36:43 IST" name="launchBrowser" finished-at="2024-04-12T12:36:55 IST" duration-ms="12470" status="PASS">
          <reporter-output>
          </reporter-output>
        </test-method> <!-- launchBrowser -->
        <test-method signature="testEmptyLoginValues()[pri:1, instance:thinkwiseAutomation.LoginPageTest@b9b00e0]" started-at="2024-04-12T12:36:55 IST" name="testEmptyLoginValues" finished-at="2024-04-12T12:37:11 IST" duration-ms="16091" status="PASS">
          <reporter-output>
          </reporter-output>
        </test-method> <!-- testEmptyLoginValues -->
        <test-method signature="testWithoutUserName()[pri:2, instance:thinkwiseAutomation.LoginPageTest@b9b00e0]" started-at="2024-04-12T12:37:11 IST" name="testWithoutUserName" finished-at="2024-04-12T12:37:30 IST" duration-ms="18695" status="PASS">
          <reporter-output>
          </reporter-output>
        </test-method> <!-- testWithoutUserName -->
        <test-method signature="testWithoutPassword()[pri:3, instance:thinkwiseAutomation.LoginPageTest@b9b00e0]" started-at="2024-04-12T12:37:30 IST" name="testWithoutPassword" finished-at="2024-04-12T12:37:52 IST" duration-ms="21962" status="PASS">
          <reporter-output>
          </reporter-output>
        </test-method> <!-- testWithoutPassword -->
        <test-method signature="passwordLength()[pri:4, instance:thinkwiseAutomation.LoginPageTest@b9b00e0]" started-at="2024-04-12T12:37:52 IST" name="passwordLength" finished-at="2024-04-12T12:38:07 IST" duration-ms="15216" status="PASS">
          <reporter-output>
          </reporter-output>
        </test-method> <!-- passwordLength -->
        <test-method signature="testInvalidUserEntry()[pri:5, instance:thinkwiseAutomation.LoginPageTest@b9b00e0]" started-at="2024-04-12T12:38:07 IST" name="testInvalidUserEntry" finished-at="2024-04-12T12:38:28 IST" duration-ms="20829" status="PASS">
          <reporter-output>
          </reporter-output>
        </test-method> <!-- testInvalidUserEntry -->
        <test-method signature="testSuccessfulLogin()[pri:6, instance:thinkwiseAutomation.LoginPageTest@b9b00e0]" started-at="2024-04-12T12:38:28 IST" name="testSuccessfulLogin" finished-at="2024-04-12T12:38:42 IST" duration-ms="13706" status="PASS">
          <reporter-output>
          </reporter-output>
        </test-method> <!-- testSuccessfulLogin -->
        <test-method signature="verifyAcademicsPageObjects()[pri:7, instance:thinkwiseAutomation.LoginPageTest@b9b00e0]" started-at="2024-04-12T12:38:42 IST" name="verifyAcademicsPageObjects" finished-at="2024-04-12T12:39:04 IST" duration-ms="22409" status="PASS">
          <reporter-output>
          </reporter-output>
        </test-method> <!-- verifyAcademicsPageObjects -->
        <test-method signature="testEmptyManageClassPage()[pri:8, instance:thinkwiseAutomation.LoginPageTest@b9b00e0]" started-at="2024-04-12T12:39:04 IST" name="testEmptyManageClassPage" finished-at="2024-04-12T12:39:14 IST" duration-ms="9830" status="PASS">
          <reporter-output>
          </reporter-output>
        </test-method> <!-- testEmptyManageClassPage -->
        <test-method signature="validDataClassPage()[pri:9, instance:thinkwiseAutomation.LoginPageTest@b9b00e0]" started-at="2024-04-12T12:39:14 IST" name="validDataClassPage" finished-at="2024-04-12T12:39:56 IST" duration-ms="42466" status="PASS">
          <reporter-output>
          </reporter-output>
        </test-method> <!-- validDataClassPage -->
        <test-method signature="verifyEmptySectionPage()[pri:10, instance:thinkwiseAutomation.LoginPageTest@b9b00e0]" started-at="2024-04-12T12:39:56 IST" name="verifyEmptySectionPage" finished-at="2024-04-12T12:40:04 IST" duration-ms="7561" status="FAIL">
          <exception class="java.lang.AssertionError">
            <message>
              <![CDATA[expected [Section is required] but found [[[ChromeDriver: chrome on windows (a5240bcd39897b70a25f7db7b355f152)] -> xpath: //span[text()='Section is required']]]]]>
            </message>
            <full-stacktrace>
              <![CDATA[java.lang.AssertionError: expected [Section is required] but found [[[ChromeDriver: chrome on windows (a5240bcd39897b70a25f7db7b355f152)] -> xpath: //span[text()='Section is required']]]
at org.testng.Assert.fail(Assert.java:99)
at org.testng.Assert.failNotEquals(Assert.java:1037)
at org.testng.Assert.assertEqualsImpl(Assert.java:140)
at org.testng.Assert.assertEquals(Assert.java:122)
at org.testng.Assert.assertEquals(Assert.java:617)
at thinkwiseAutomation.LoginPageTest.verifyEmptySectionPage(LoginPageTest.java:499)
at java.base/jdk.internal.reflect.NativeMethodAccessorImpl.invoke0(Native Method)
at java.base/jdk.internal.reflect.NativeMethodAccessorImpl.invoke(NativeMethodAccessorImpl.java:77)
at java.base/jdk.internal.reflect.DelegatingMethodAccessorImpl.invoke(DelegatingMethodAccessorImpl.java:43)
at java.base/java.lang.reflect.Method.invoke(Method.java:568)
at org.testng.internal.MethodInvocationHelper.invokeMethod(MethodInvocationHelper.java:133)
at org.testng.internal.TestInvoker.invokeMethod(TestInvoker.java:598)
at org.testng.internal.TestInvoker.invokeTestMethod(TestInvoker.java:173)
at org.testng.internal.MethodRunner.runInSequence(MethodRunner.java:46)
at org.testng.internal.TestInvoker$MethodInvocationAgent.invoke(TestInvoker.java:824)
at org.testng.internal.TestInvoker.invokeTestMethods(TestInvoker.java:146)
at org.testng.internal.TestMethodWorker.invokeTestMethods(TestMethodWorker.java:146)
at org.testng.internal.TestMethodWorker.run(TestMethodWorker.java:128)
at java.base/java.util.ArrayList.forEach(ArrayList.java:1511)
at org.testng.TestRunner.privateRun(TestRunner.java:794)
at org.testng.TestRunner.run(TestRunner.java:596)
at org.testng.SuiteRunner.runTest(SuiteRunner.java:377)
at org.testng.SuiteRunner.runSequentially(SuiteRunner.java:371)
at org.testng.SuiteRunner.privateRun(SuiteRunner.java:332)
at org.testng.SuiteRunner.run(SuiteRunner.java:276)
at org.testng.SuiteRunnerWorker.runSuite(SuiteRunnerWorker.java:53)
at org.testng.SuiteRunnerWorker.run(SuiteRunnerWorker.java:96)
at org.testng.TestNG.runSuitesSequentially(TestNG.java:1212)
at org.testng.TestNG.runSuitesLocally(TestNG.java:1134)
at org.testng.TestNG.runSuites(TestNG.java:1063)
at org.testng.TestNG.run(TestNG.java:1031)
at org.testng.remote.AbstractRemoteTestNG.run(AbstractRemoteTestNG.java:115)
at org.testng.remote.RemoteTestNG.initAndRun(RemoteTestNG.java:251)
at org.testng.remote.RemoteTestNG.main(RemoteTestNG.java:77)
]]>
            </full-stacktrace>
          </exception> <!-- java.lang.AssertionError -->
          <reporter-output>
          </reporter-output>
        </test-method> <!-- verifyEmptySectionPage -->
        <test-method signature="verifySectionPage()[pri:11, instance:thinkwiseAutomation.LoginPageTest@b9b00e0]" started-at="2024-04-12T12:40:04 IST" name="verifySectionPage" finished-at="2024-04-12T12:40:10 IST" duration-ms="5671" status="PASS">
          <reporter-output>
          </reporter-output>
        </test-method> <!-- verifySectionPage -->
        <test-method signature="verifyEmptySubjectPage()[pri:12, instance:thinkwiseAutomation.LoginPageTest@b9b00e0]" started-at="2024-04-12T12:40:10 IST" name="verifyEmptySubjectPage" finished-at="2024-04-12T12:40:34 IST" duration-ms="24593" status="PASS">
          <reporter-output>
          </reporter-output>
        </test-method> <!-- verifyEmptySubjectPage -->
        <test-method signature="testMandatorySubFields()[pri:13, instance:thinkwiseAutomation.LoginPageTest@b9b00e0]" started-at="2024-04-12T12:40:34 IST" name="testMandatorySubFields" finished-at="2024-04-12T12:40:42 IST" duration-ms="7723" status="PASS">
          <reporter-output>
          </reporter-output>
        </test-method> <!-- testMandatorySubFields -->
        <test-method signature="verifySubjectPage()[pri:14, instance:thinkwiseAutomation.LoginPageTest@b9b00e0]" started-at="2024-04-12T12:40:42 IST" name="verifySubjectPage" finished-at="2024-04-12T12:41:06 IST" duration-ms="24438" status="FAIL">
          <exception class="org.openqa.selenium.NoSuchElementException">
            <message>
              <![CDATA[no such element: Unable to locate element: {"method":"xpath","selector":"/html/body/app-root/app-pages/div/app-subject/div[1]/div/div/app-display-success/div/ul/li[2]/label"}
  (Session info: chrome=123.0.6312.107)
For documentation on this error, please visit: https://www.selenium.dev/documentation/webdriver/troubleshooting/errors#no-such-element-exception
Build info: version: '4.17.0', revision: 'e52b1be057*'
System info: os.name: 'Windows 10', os.arch: 'amd64', os.version: '10.0', java.version: '17.0.9'
Driver info: org.openqa.selenium.chrome.ChromeDriver
Command: [a5240bcd39897b70a25f7db7b355f152, findElement {value=/html/body/app-root/app-pages/div/app-subject/div[1]/div/div/app-display-success/div/ul/li[2]/label, using=xpath}]
Capabilities {acceptInsecureCerts: false, browserName: chrome, browserVersion: 123.0.6312.107, chrome: {chromedriverVersion: 123.0.6312.122 (31f8248cdd9..., userDataDir: C:\Users\Jasmine\AppData\Lo...}, fedcm:accounts: true, goog:chromeOptions: {debuggerAddress: localhost:61400}, networkConnectionEnabled: false, pageLoadStrategy: normal, platformName: windows, proxy: Proxy(), se:cdp: ws://localhost:61400/devtoo..., se:cdpVersion: 123.0.6312.107, setWindowRect: true, strictFileInteractability: false, timeouts: {implicit: 0, pageLoad: 300000, script: 30000}, unhandledPromptBehavior: dismiss and notify, webauthn:extension:credBlob: true, webauthn:extension:largeBlob: true, webauthn:extension:minPinLength: true, webauthn:extension:prf: true, webauthn:virtualAuthenticators: true}
Session ID: a5240bcd39897b70a25f7db7b355f152]]>
            </message>
            <full-stacktrace>
              <![CDATA[org.openqa.selenium.NoSuchElementException: no such element: Unable to locate element: {"method":"xpath","selector":"/html/body/app-root/app-pages/div/app-subject/div[1]/div/div/app-display-success/div/ul/li[2]/label"}
  (Session info: chrome=123.0.6312.107)
For documentation on this error, please visit: https://www.selenium.dev/documentation/webdriver/troubleshooting/errors#no-such-element-exception
Build info: version: '4.17.0', revision: 'e52b1be057*'
System info: os.name: 'Windows 10', os.arch: 'amd64', os.version: '10.0', java.version: '17.0.9'
Driver info: org.openqa.selenium.chrome.ChromeDriver
Command: [a5240bcd39897b70a25f7db7b355f152, findElement {value=/html/body/app-root/app-pages/div/app-subject/div[1]/div/div/app-display-success/div/ul/li[2]/label, using=xpath}]
Capabilities {acceptInsecureCerts: false, browserName: chrome, browserVersion: 123.0.6312.107, chrome: {chromedriverVersion: 123.0.6312.122 (31f8248cdd9..., userDataDir: C:\Users\Jasmine\AppData\Lo...}, fedcm:accounts: true, goog:chromeOptions: {debuggerAddress: localhost:61400}, networkConnectionEnabled: false, pageLoadStrategy: normal, platformName: windows, proxy: Proxy(), se:cdp: ws://localhost:61400/devtoo..., se:cdpVersion: 123.0.6312.107, setWindowRect: true, strictFileInteractability: false, timeouts: {implicit: 0, pageLoad: 300000, script: 30000}, unhandledPromptBehavior: dismiss and notify, webauthn:extension:credBlob: true, webauthn:extension:largeBlob: true, webauthn:extension:minPinLength: true, webauthn:extension:prf: true, webauthn:virtualAuthenticators: true}
Session ID: a5240bcd39897b70a25f7db7b355f152
at java.base/jdk.internal.reflect.NativeConstructorAccessorImpl.newInstance0(Native Method)
at java.base/jdk.internal.reflect.NativeConstructorAccessorImpl.newInstance(NativeConstructorAccessorImpl.java:77)
at java.base/jdk.internal.reflect.DelegatingConstructorAccessorImpl.newInstance(DelegatingConstructorAccessorImpl.java:45)
at java.base/java.lang.reflect.Constructor.newInstanceWithCaller(Constructor.java:499)
at java.base/java.lang.reflect.Constructor.newInstance(Constructor.java:480)
at org.openqa.selenium.remote.codec.w3c.W3CHttpResponseCodec.createException(W3CHttpResponseCodec.java:185)
at org.openqa.selenium.remote.codec.w3c.W3CHttpResponseCodec.decode(W3CHttpResponseCodec.java:134)
at org.openqa.selenium.remote.codec.w3c.W3CHttpResponseCodec.decode(W3CHttpResponseCodec.java:51)
at org.openqa.selenium.remote.HttpCommandExecutor.execute(HttpCommandExecutor.java:190)
at org.openqa.selenium.remote.service.DriverCommandExecutor.invokeExecute(DriverCommandExecutor.java:216)
at org.openqa.selenium.remote.service.DriverCommandExecutor.execute(DriverCommandExecutor.java:174)
at org.openqa.selenium.remote.RemoteWebDriver.execute(RemoteWebDriver.java:519)
at org.openqa.selenium.remote.ElementLocation$ElementFinder$2.findElement(ElementLocation.java:165)
at org.openqa.selenium.remote.ElementLocation.findElement(ElementLocation.java:59)
at org.openqa.selenium.remote.RemoteWebDriver.findElement(RemoteWebDriver.java:356)
at org.openqa.selenium.remote.RemoteWebDriver.findElement(RemoteWebDriver.java:350)
at thinkwiseAutomation.LoginPageTest.verifySubjectPage(LoginPageTest.java:672)
at java.base/jdk.internal.reflect.NativeMethodAccessorImpl.invoke0(Native Method)
at java.base/jdk.internal.reflect.NativeMethodAccessorImpl.invoke(NativeMethodAccessorImpl.java:77)
at java.base/jdk.internal.reflect.DelegatingMethodAccessorImpl.invoke(DelegatingMethodAccessorImpl.java:43)
at java.base/java.lang.reflect.Method.invoke(Method.java:568)
at org.testng.internal.MethodInvocationHelper.invokeMethod(MethodInvocationHelper.java:133)
at org.testng.internal.TestInvoker.invokeMethod(TestInvoker.java:598)
at org.testng.internal.TestInvoker.invokeTestMethod(TestInvoker.java:173)
at org.testng.internal.MethodRunner.runInSequence(MethodRunner.java:46)
at org.testng.internal.TestInvoker$MethodInvocationAgent.invoke(TestInvoker.java:824)
at org.testng.internal.TestInvoker.invokeTestMethods(TestInvoker.java:146)
at org.testng.internal.TestMethodWorker.invokeTestMethods(TestMethodWorker.java:146)
at org.testng.internal.TestMethodWorker.run(TestMethodWorker.java:128)
at java.base/java.util.ArrayList.forEach(ArrayList.java:1511)
at org.testng.TestRunner.privateRun(TestRunner.java:794)
at org.testng.TestRunner.run(TestRunner.java:596)
at org.testng.SuiteRunner.runTest(SuiteRunner.java:377)
at org.testng.SuiteRunner.runSequentially(SuiteRunner.java:371)
at org.testng.SuiteRunner.privateRun(SuiteRunner.java:332)
at org.testng.SuiteRunner.run(SuiteRunner.java:276)
at org.testng.SuiteRunnerWorker.runSuite(SuiteRunnerWorker.java:53)
at org.testng.SuiteRunnerWorker.run(SuiteRunnerWorker.java:96)
at org.testng.TestNG.runSuitesSequentially(TestNG.java:1212)
at org.testng.TestNG.runSuitesLocally(TestNG.java:1134)
at org.testng.TestNG.runSuites(TestNG.java:1063)
at org.testng.TestNG.run(TestNG.java:1031)
at org.testng.remote.AbstractRemoteTestNG.run(AbstractRemoteTestNG.java:115)
at org.testng.remote.RemoteTestNG.initAndRun(RemoteTestNG.java:251)
at org.testng.remote.RemoteTestNG.main(RemoteTestNG.java:77)
]]>
            </full-stacktrace>
          </exception> <!-- org.openqa.selenium.NoSuchElementException -->
          <reporter-output>
          </reporter-output>
        </test-method> <!-- verifySubjectPage -->
        <test-method is-config="true" signature="closeBrowser()[pri:0, instance:thinkwiseAutomation.LoginPageTest@b9b00e0]" started-at="2024-04-12T12:41:06 IST" name="closeBrowser" finished-at="2024-04-12T12:41:07 IST" duration-ms="1035" status="PASS">
          <reporter-output>
          </reporter-output>
        </test-method> <!-- closeBrowser -->
      </class> <!-- thinkwiseAutomation.LoginPageTest -->
    </test> <!-- Default test -->
  </suite> <!-- Default suite -->
</testng-results>
